<?xml version="1.0" encoding="utf-8"?><testsuites name="pytest tests"><testsuite name="pytest" errors="0" failures="0" skipped="0" tests="19" time="55.310" timestamp="2026-04-15T05:32:13.082335+00:00" hostname="agent-env-cd1ace52-0feb-4f56-bb93-f11762328231"><testcase classname="tests.test_agents.TestAgents" name="test_run_agents_manual" time="1.418" /><testcase classname="tests.test_auth.TestAuth" name="test_health_check" time="0.046" /><testcase classname="tests.test_auth.TestAuth" name="test_login_success" time="0.268" /><testcase classname="tests.test_auth.TestAuth" name="test_login_invalid_credentials" time="0.268" /><testcase classname="tests.test_auth.TestAuth" name="test_login_nonexistent_user" time="0.051" /><testcase classname="tests.test_auth.TestAuth" name="test_get_current_user" time="0.317" /><testcase classname="tests.test_auth.TestAuth" name="test_logout" time="0.045" /><testcase classname="tests.test_dashboard.TestDashboard" name="test_get_metrics" time="0.052" /><testcase classname="tests.test_dashboard.TestDashboard" name="test_get_live_feed" time="0.047" /><testcase classname="tests.test_dashboard.TestDashboard" name="test_get_stock_heatmap" time="0.060" /><testcase classname="tests.test_dashboard.TestDashboard" name="test_get_stock_heatmap_with_category_filter" time="0.047" /><testcase classname="tests.test_dashboard.TestDashboard" name="test_get_categories" time="0.044" /><testcase classname="tests.test_dashboard.TestDashboard" name="test_get_purchase_orders" time="0.046" /><testcase classname="tests.test_orders.TestOrders" name="test_create_order" time="0.592" /><testcase classname="tests.test_orders.TestOrders" name="test_get_orders" time="0.049" /><testcase classname="tests.test_orders.TestOrders" name="test_get_orders_by_status" time="0.046" /><testcase classname="tests.test_stress.TestStressTest" name="test_get_stress_test_status" time="0.047" /><testcase classname="tests.test_stress.TestStressTest" name="test_start_stress_test" time="50.686" /><testcase classname="tests.test_stress.TestStressTest" name="test_stress_test_already_running" time="1.131" /></testsuite></testsuites>